c:\users\ash\dropbox\visual studio projects\year 2 graph labs\courseworkhelicopter\release\vc120.pdb
c:\users\ash\dropbox\visual studio projects\year 2 graph labs\courseworkhelicopter\release\intersectiontests.obj
c:\users\ash\dropbox\visual studio projects\year 2 graph labs\courseworkhelicopter\release\texturehandler.obj
c:\users\ash\dropbox\visual studio projects\year 2 graph labs\courseworkhelicopter\release\vector3d.obj
c:\users\ash\dropbox\visual studio projects\year 2 graph labs\courseworkhelicopter\release\vector2d.obj
c:\users\ash\dropbox\visual studio projects\year 2 graph labs\courseworkhelicopter\release\shader.obj
c:\users\ash\dropbox\visual studio projects\year 2 graph labs\courseworkhelicopter\release\opengl3template.obj
c:\users\ash\dropbox\visual studio projects\year 2 graph labs\courseworkhelicopter\release\octree.obj
c:\users\ash\dropbox\visual studio projects\year 2 graph labs\courseworkhelicopter\release\objloader.obj
c:\users\ash\dropbox\visual studio projects\year 2 graph labs\courseworkhelicopter\release\imageloadertga.obj
c:\users\ash\dropbox\visual studio projects\year 2 graph labs\courseworkhelicopter\release\imageloaderpng.obj
c:\users\ash\dropbox\visual studio projects\year 2 graph labs\courseworkhelicopter\release\imageloaderjpg.obj
c:\users\ash\dropbox\visual studio projects\year 2 graph labs\courseworkhelicopter\release\imageloaderdds.obj
c:\users\ash\dropbox\visual studio projects\year 2 graph labs\courseworkhelicopter\release\bitmap.obj
c:\users\ash\dropbox\visual studio projects\year 2 graph labs\courseworkhelicopter\release\console.obj
c:\users\ash\dropbox\visual studio projects\year 2 graph labs\courseworkhelicopter\release\threedmodel.obj
c:\users\ash\dropbox\visual studio projects\year 2 graph labs\courseworkhelicopter\release\boundingbox.obj
c:\users\ash\dropbox\visual studio projects\year 2 graph labs\courseworkhelicopter\release\helicopter.obj
c:\users\ash\dropbox\visual studio projects\year 2 graph labs\courseworkhelicopter\release\sample.exe
c:\users\ash\dropbox\visual studio projects\year 2 graph labs\courseworkhelicopter\release\sample.pdb
c:\users\ash\dropbox\visual studio projects\year 2 graph labs\courseworkhelicopter\release\sample.tlog\cl.command.1.tlog
c:\users\ash\dropbox\visual studio projects\year 2 graph labs\courseworkhelicopter\release\sample.tlog\cl.read.1.tlog
c:\users\ash\dropbox\visual studio projects\year 2 graph labs\courseworkhelicopter\release\sample.tlog\cl.write.1.tlog
c:\users\ash\dropbox\visual studio projects\year 2 graph labs\courseworkhelicopter\release\sample.tlog\link.command.1.tlog
c:\users\ash\dropbox\visual studio projects\year 2 graph labs\courseworkhelicopter\release\sample.tlog\link.read.1.tlog
c:\users\ash\dropbox\visual studio projects\year 2 graph labs\courseworkhelicopter\release\sample.tlog\link.write.1.tlog
